<?xml version="1.0" encoding="UTF-8"?>
<testng-results skipped="0" failed="0" ignored="0" total="5" passed="5">
  <reporter-output>
  </reporter-output>
  <suite name="Default suite" duration-ms="69062" started-at="2020-05-28T18:41:57 IST" finished-at="2020-05-28T18:43:06 IST">
    <groups>
    </groups>
    <test name="Default test" duration-ms="69062" started-at="2020-05-28T18:41:57 IST" finished-at="2020-05-28T18:43:06 IST">
      <class name="Com.Sulekha.listingPage.TestListingPage">
        <test-method status="PASS" signature="startReport()[pri:0, instance:Com.Sulekha.listingPage.TestListingPage@27808f31]" name="startReport" is-config="true" duration-ms="241" started-at="2020-05-28T18:41:57 IST" finished-at="2020-05-28T18:41:57 IST">
          <reporter-output>
          </reporter-output>
        </test-method> <!-- startReport -->
        <test-method status="PASS" signature="setup()[pri:0, instance:Com.Sulekha.listingPage.TestListingPage@27808f31]" name="setup" is-config="true" duration-ms="18315" started-at="2020-05-28T18:41:57 IST" finished-at="2020-05-28T18:42:16 IST">
          <reporter-output>
          </reporter-output>
        </test-method> <!-- setup -->
        <test-method status="PASS" signature="Get_Quote()[pri:1, instance:Com.Sulekha.listingPage.TestListingPage@27808f31]" name="Get_Quote" duration-ms="7710" started-at="2020-05-28T18:42:16 IST" finished-at="2020-05-28T18:42:23 IST">
          <reporter-output>
          </reporter-output>
        </test-method> <!-- Get_Quote -->
        <test-method status="PASS" signature="endReport()[pri:0, instance:Com.Sulekha.listingPage.TestListingPage@27808f31]" name="endReport" is-config="true" duration-ms="1706" started-at="2020-05-28T18:42:23 IST" finished-at="2020-05-28T18:42:25 IST">
          <reporter-output>
          </reporter-output>
        </test-method> <!-- endReport -->
        <test-method status="PASS" signature="getResult(org.testng.ITestResult)[pri:0, instance:Com.Sulekha.listingPage.TestListingPage@27808f31]" name="getResult" is-config="true" duration-ms="2085" started-at="2020-05-28T18:42:25 IST" finished-at="2020-05-28T18:42:27 IST">
          <params>
            <param index="0">
              <value>
                <![CDATA[[TestResult name=Get_Quote status=SUCCESS method=TestListingPage.Get_Quote()[pri:1, instance:Com.Sulekha.listingPage.TestListingPage@27808f31] output={null}]]]>
              </value>
            </param>
          </params>
          <reporter-output>
          </reporter-output>
        </test-method> <!-- getResult -->
        <test-method status="PASS" signature="Save_To_Phone()[pri:2, instance:Com.Sulekha.listingPage.TestListingPage@27808f31]" name="Save_To_Phone" duration-ms="8003" started-at="2020-05-28T18:42:27 IST" finished-at="2020-05-28T18:42:35 IST">
          <reporter-output>
          </reporter-output>
        </test-method> <!-- Save_To_Phone -->
        <test-method status="PASS" signature="endReport()[pri:0, instance:Com.Sulekha.listingPage.TestListingPage@27808f31]" name="endReport" is-config="true" duration-ms="214" started-at="2020-05-28T18:42:35 IST" finished-at="2020-05-28T18:42:35 IST">
          <reporter-output>
          </reporter-output>
        </test-method> <!-- endReport -->
        <test-method status="PASS" signature="getResult(org.testng.ITestResult)[pri:0, instance:Com.Sulekha.listingPage.TestListingPage@27808f31]" name="getResult" is-config="true" duration-ms="1490" started-at="2020-05-28T18:42:35 IST" finished-at="2020-05-28T18:42:37 IST">
          <params>
            <param index="0">
              <value>
                <![CDATA[[TestResult name=Save_To_Phone status=SUCCESS method=TestListingPage.Save_To_Phone()[pri:2, instance:Com.Sulekha.listingPage.TestListingPage@27808f31] output={null}]]]>
              </value>
            </param>
          </params>
          <reporter-output>
          </reporter-output>
        </test-method> <!-- getResult -->
        <test-method status="PASS" signature="Filter_listing()[pri:3, instance:Com.Sulekha.listingPage.TestListingPage@27808f31]" name="Filter_listing" duration-ms="3338" started-at="2020-05-28T18:42:37 IST" finished-at="2020-05-28T18:42:40 IST">
          <reporter-output>
          </reporter-output>
        </test-method> <!-- Filter_listing -->
        <test-method status="PASS" signature="endReport()[pri:0, instance:Com.Sulekha.listingPage.TestListingPage@27808f31]" name="endReport" is-config="true" duration-ms="91" started-at="2020-05-28T18:42:40 IST" finished-at="2020-05-28T18:42:40 IST">
          <reporter-output>
          </reporter-output>
        </test-method> <!-- endReport -->
        <test-method status="PASS" signature="getResult(org.testng.ITestResult)[pri:0, instance:Com.Sulekha.listingPage.TestListingPage@27808f31]" name="getResult" is-config="true" duration-ms="1619" started-at="2020-05-28T18:42:40 IST" finished-at="2020-05-28T18:42:42 IST">
          <params>
            <param index="0">
              <value>
                <![CDATA[[TestResult name=Filter_listing status=SUCCESS method=TestListingPage.Filter_listing()[pri:3, instance:Com.Sulekha.listingPage.TestListingPage@27808f31] output={null}]]]>
              </value>
            </param>
          </params>
          <reporter-output>
          </reporter-output>
        </test-method> <!-- getResult -->
        <test-method status="PASS" signature="Listing_ViewMore()[pri:4, instance:Com.Sulekha.listingPage.TestListingPage@27808f31]" name="Listing_ViewMore" duration-ms="9601" started-at="2020-05-28T18:42:42 IST" finished-at="2020-05-28T18:42:52 IST">
          <reporter-output>
          </reporter-output>
        </test-method> <!-- Listing_ViewMore -->
        <test-method status="PASS" signature="endReport()[pri:0, instance:Com.Sulekha.listingPage.TestListingPage@27808f31]" name="endReport" is-config="true" duration-ms="41" started-at="2020-05-28T18:42:52 IST" finished-at="2020-05-28T18:42:52 IST">
          <reporter-output>
          </reporter-output>
        </test-method> <!-- endReport -->
        <test-method status="PASS" signature="getResult(org.testng.ITestResult)[pri:0, instance:Com.Sulekha.listingPage.TestListingPage@27808f31]" name="getResult" is-config="true" duration-ms="1467" started-at="2020-05-28T18:42:52 IST" finished-at="2020-05-28T18:42:53 IST">
          <params>
            <param index="0">
              <value>
                <![CDATA[[TestResult name=Listing_ViewMore status=SUCCESS method=TestListingPage.Listing_ViewMore()[pri:4, instance:Com.Sulekha.listingPage.TestListingPage@27808f31] output={null}]]]>
              </value>
            </param>
          </params>
          <reporter-output>
          </reporter-output>
        </test-method> <!-- getResult -->
        <test-method status="PASS" signature="Filter_locality()[pri:5, instance:Com.Sulekha.listingPage.TestListingPage@27808f31]" name="Filter_locality" duration-ms="11354" started-at="2020-05-28T18:42:53 IST" finished-at="2020-05-28T18:43:04 IST">
          <reporter-output>
          </reporter-output>
        </test-method> <!-- Filter_locality -->
        <test-method status="PASS" signature="endReport()[pri:0, instance:Com.Sulekha.listingPage.TestListingPage@27808f31]" name="endReport" is-config="true" duration-ms="105" started-at="2020-05-28T18:43:04 IST" finished-at="2020-05-28T18:43:05 IST">
          <reporter-output>
          </reporter-output>
        </test-method> <!-- endReport -->
        <test-method status="PASS" signature="getResult(org.testng.ITestResult)[pri:0, instance:Com.Sulekha.listingPage.TestListingPage@27808f31]" name="getResult" is-config="true" duration-ms="1493" started-at="2020-05-28T18:43:05 IST" finished-at="2020-05-28T18:43:06 IST">
          <params>
            <param index="0">
              <value>
                <![CDATA[[TestResult name=Filter_locality status=SUCCESS method=TestListingPage.Filter_locality()[pri:5, instance:Com.Sulekha.listingPage.TestListingPage@27808f31] output={null}]]]>
              </value>
            </param>
          </params>
          <reporter-output>
          </reporter-output>
        </test-method> <!-- getResult -->
        <test-method status="PASS" signature="teardown()[pri:0, instance:Com.Sulekha.listingPage.TestListingPage@27808f31]" name="teardown" is-config="true" duration-ms="53" started-at="2020-05-28T18:43:06 IST" finished-at="2020-05-28T18:43:06 IST">
          <reporter-output>
          </reporter-output>
        </test-method> <!-- teardown -->
      </class> <!-- Com.Sulekha.listingPage.TestListingPage -->
    </test> <!-- Default test -->
  </suite> <!-- Default suite -->
</testng-results>
