<?xml version="1.0" encoding="UTF-8"?>
<!-- Generated by org.testng.reporters.JUnitXMLReporter -->
<testsuite hostname="DESKTOP-U5JUOI7" ignored="0" name="Default test" tests="5" failures="0" timestamp="2020-05-28T18:43:06 IST" time="69.062" errors="0">
  <testcase name="Get_Quote" time="7.71" classname="Com.Sulekha.listingPage.TestListingPage"/>
  <testcase name="Save_To_Phone" time="8.003" classname="Com.Sulekha.listingPage.TestListingPage"/>
  <testcase name="Filter_listing" time="3.338" classname="Com.Sulekha.listingPage.TestListingPage"/>
  <testcase name="Listing_ViewMore" time="9.601" classname="Com.Sulekha.listingPage.TestListingPage"/>
  <testcase name="Filter_locality" time="11.354" classname="Com.Sulekha.listingPage.TestListingPage"/>
</testsuite> <!-- Default test -->
